-- The C compiler identification is GNU 11.4.0
-- The CXX compiler identification is GNU 11.4.0
-- Detecting C compiler ABI info
-- Detecting C compiler ABI info - done
-- Check for working C compiler: /usr/bin/cc - skipped
-- Detecting C compile features
-- Detecting C compile features - done
-- Detecting CXX compiler ABI info
-- Detecting CXX compiler ABI info - done
-- Check for working CXX compiler: /usr/bin/c++ - skipped
-- Detecting CXX compile features
-- Detecting CXX compile features - done
-- Found ament_cmake: 1.3.11 (/opt/ros/humble/share/ament_cmake/cmake)
-- Found Python3: /usr/bin/python3 (found version "3.10.12") found components: Interpreter 
-- Found PkgConfig: /usr/bin/pkg-config (found version "0.29.2") 
-- Checking for module 'bullet>=2.82'
--   Found bullet, version 3.05
-- Found fcl: /usr/include (found suitable version "0.7.0", minimum required is "0.5.0") 
-- Found assimp: /usr/include (found version "5.2.0") 
-- Found DART: /usr/include (Required is at least version "6.6") found components: dart 
-- Found Boost: /usr/lib/x86_64-linux-gnu/cmake/Boost-1.74.0/BoostConfig.cmake (found suitable version "1.74.0", minimum required is "1.40.0") found components: thread system filesystem program_options regex iostreams date_time 
-- Found Protobuf: /usr/lib/x86_64-linux-gnu/libprotobuf.so (found version "3.12.4") 
-- Looking for ignition-math6 -- found version 6.15.1
-- Searching for dependencies of ignition-math6
-- Looking for OGRE...
-- OGRE_PREFIX_WATCH changed.
-- Checking for module 'OGRE'
--   Found OGRE, version 1.9.0
-- Found Ogre Ghadamon (1.9.0)
-- Found OGRE: optimized;/usr/lib/x86_64-linux-gnu/libOgreMain.so;debug;/usr/lib/x86_64-linux-gnu/libOgreMain.so
-- Looking for OGRE_Paging...
-- Found OGRE_Paging: optimized;/usr/lib/x86_64-linux-gnu/libOgrePaging.so;debug;/usr/lib/x86_64-linux-gnu/libOgrePaging.so
-- Looking for OGRE_Terrain...
-- Found OGRE_Terrain: optimized;/usr/lib/x86_64-linux-gnu/libOgreTerrain.so;debug;/usr/lib/x86_64-linux-gnu/libOgreTerrain.so
-- Looking for OGRE_Property...
-- Found OGRE_Property: optimized;/usr/lib/x86_64-linux-gnu/libOgreProperty.so;debug;/usr/lib/x86_64-linux-gnu/libOgreProperty.so
-- Looking for OGRE_RTShaderSystem...
-- Found OGRE_RTShaderSystem: optimized;/usr/lib/x86_64-linux-gnu/libOgreRTShaderSystem.so;debug;/usr/lib/x86_64-linux-gnu/libOgreRTShaderSystem.so
-- Looking for OGRE_Volume...
-- Found OGRE_Volume: optimized;/usr/lib/x86_64-linux-gnu/libOgreVolume.so;debug;/usr/lib/x86_64-linux-gnu/libOgreVolume.so
-- Looking for OGRE_Overlay...
-- Found OGRE_Overlay: optimized;/usr/lib/x86_64-linux-gnu/libOgreOverlay.so;debug;/usr/lib/x86_64-linux-gnu/libOgreOverlay.so
-- Looking for ignition-math6 -- found version 6.15.1
-- Looking for ignition-transport8 -- found version 8.2.1
-- Searching for dependencies of ignition-transport8
-- Found Protobuf: /usr/lib/x86_64-linux-gnu/libprotobuf.so (found suitable version "3.12.4", minimum required is "3") 
-- Config-file not installed for ZeroMQ -- checking for pkg-config
-- Checking for module 'libzmq >= 4'
--   Found libzmq , version 4.3.4
-- Found ZeroMQ: TRUE (Required is at least version "4") 
-- Checking for module 'uuid'
--   Found uuid, version 2.37.2
-- Found UUID: TRUE  
-- Looking for ignition-msgs5 -- found version 5.8.1
-- Searching for dependencies of ignition-msgs5
-- Looking for ignition-math6 -- found version 6.15.1
-- Checking for module 'tinyxml2'
--   Found tinyxml2, version 9.0.0
-- Looking for ignition-msgs5 -- found version 5.8.1
-- Looking for ignition-common3 -- found version 3.14.0
-- Searching for dependencies of ignition-common3
-- Looking for dlfcn.h - found
-- Looking for libdl - found
-- Found DL: TRUE  
-- Found tinyobjloader: /usr/lib/x86_64-linux-gnu/cmake/tinyobjloader/tinyobjloader-config.cmake (found version "2.0.0") 
-- Searching for <ignition-common3> component [graphics]
-- Looking for ignition-common3-graphics -- found version 3.14.0
-- Searching for dependencies of ignition-common3-graphics
-- Looking for ignition-math6 -- found version 6.15.1
-- Looking for ignition-fuel_tools4 -- found version 4.4.0
-- Searching for dependencies of ignition-fuel_tools4
-- Found CURL: /usr/lib/x86_64-linux-gnu/libcurl.so (found version "7.81.0")  
-- Checking for module 'jsoncpp'
--   Found jsoncpp, version 1.9.5
-- Found JSONCPP: TRUE  
-- Checking for module 'libzip'
--   Found libzip, version 1.7.3
-- Found ZIP: TRUE  
-- Looking for ignition-common3 -- found version 3.14.0
-- Looking for ignition-math6 -- found version 6.15.1
-- Looking for ignition-msgs5 -- found version 5.8.1
-- Found gazebo_ros_pkgs: 3.7.0 (/opt/ros/humble/share/gazebo_ros_pkgs/cmake)
-- Found geometry_msgs: 4.2.4 (/opt/ros/humble/share/geometry_msgs/cmake)
-- Found rosidl_generator_c: 3.1.6 (/opt/ros/humble/share/rosidl_generator_c/cmake)
-- Found rosidl_adapter: 3.1.6 (/opt/ros/humble/share/rosidl_adapter/cmake)
-- Found rosidl_generator_cpp: 3.1.6 (/opt/ros/humble/share/rosidl_generator_cpp/cmake)
-- Using all available rosidl_typesupport_c: rosidl_typesupport_fastrtps_c;rosidl_typesupport_introspection_c
-- Using all available rosidl_typesupport_cpp: rosidl_typesupport_fastrtps_cpp;rosidl_typesupport_introspection_cpp
-- Found nav_msgs: 4.2.4 (/opt/ros/humble/share/nav_msgs/cmake)
-- Found rclcpp: 16.0.11 (/opt/ros/humble/share/rclcpp/cmake)
-- Found rmw_implementation_cmake: 6.1.2 (/opt/ros/humble/share/rmw_implementation_cmake/cmake)
-- Found rmw_fastrtps_cpp: 6.2.7 (/opt/ros/humble/share/rmw_fastrtps_cpp/cmake)
-- Found OpenSSL: /usr/lib/x86_64-linux-gnu/libcrypto.so (found version "3.0.2")  
-- Found FastRTPS: /opt/ros/humble/include  
-- Using RMW implementation 'rmw_fastrtps_cpp' as default
-- Found Threads: TRUE  
-- Found sensor_msgs: 4.2.4 (/opt/ros/humble/share/sensor_msgs/cmake)
-- Found tf2: 0.25.11 (/opt/ros/humble/share/tf2/cmake)
-- Configuring done
-- Generating done
-- Build files have been written to: /home/fadel/mobile_robot/src/robot_mobile_simulations/robot_mobile_gazebo/build/robot_mobile_gazebo
[ 50%] [32mBuilding CXX object CMakeFiles/tree_mobile_drive.dir/src/tree_mobile_drive.cpp.o[0m
[100%] [32m[1mLinking CXX executable tree_mobile_drive[0m
[100%] Built target tree_mobile_drive
-- Install configuration: ""
-- Installing: /home/fadel/mobile_robot/src/robot_mobile_simulations/robot_mobile_gazebo/install/robot_mobile_gazebo/lib/robot_mobile_gazebo/tree_mobile_drive
-- Set runtime path of "/home/fadel/mobile_robot/src/robot_mobile_simulations/robot_mobile_gazebo/install/robot_mobile_gazebo/lib/robot_mobile_gazebo/tree_mobile_drive" to ""
-- Installing: /home/fadel/mobile_robot/src/robot_mobile_simulations/robot_mobile_gazebo/install/robot_mobile_gazebo/share/robot_mobile_gazebo//launch
-- Installing: /home/fadel/mobile_robot/src/robot_mobile_simulations/robot_mobile_gazebo/install/robot_mobile_gazebo/share/robot_mobile_gazebo//launch/ros2_drl.launch.py
-- Installing: /home/fadel/mobile_robot/src/robot_mobile_simulations/robot_mobile_gazebo/install/robot_mobile_gazebo/share/robot_mobile_gazebo//launch/robot_state_publisher.launch.py
-- Installing: /home/fadel/mobile_robot/src/robot_mobile_simulations/robot_mobile_gazebo/install/robot_mobile_gazebo/share/robot_mobile_gazebo//rviz
-- Installing: /home/fadel/mobile_robot/src/robot_mobile_simulations/robot_mobile_gazebo/install/robot_mobile_gazebo/share/robot_mobile_gazebo//models
-- Installing: /home/fadel/mobile_robot/src/robot_mobile_simulations/robot_mobile_gazebo/install/robot_mobile_gazebo/share/robot_mobile_gazebo//models/obstacle10
-- Installing: /home/fadel/mobile_robot/src/robot_mobile_simulations/robot_mobile_gazebo/install/robot_mobile_gazebo/share/robot_mobile_gazebo//models/obstacle10/model.config
-- Installing: /home/fadel/mobile_robot/src/robot_mobile_simulations/robot_mobile_gazebo/install/robot_mobile_gazebo/share/robot_mobile_gazebo//models/obstacle10/model.sdf
-- Installing: /home/fadel/mobile_robot/src/robot_mobile_simulations/robot_mobile_gazebo/install/robot_mobile_gazebo/share/robot_mobile_gazebo//models/obstacle5
-- Installing: /home/fadel/mobile_robot/src/robot_mobile_simulations/robot_mobile_gazebo/install/robot_mobile_gazebo/share/robot_mobile_gazebo//models/obstacle5/model.config
-- Installing: /home/fadel/mobile_robot/src/robot_mobile_simulations/robot_mobile_gazebo/install/robot_mobile_gazebo/share/robot_mobile_gazebo//models/obstacle5/model.sdf
-- Installing: /home/fadel/mobile_robot/src/robot_mobile_simulations/robot_mobile_gazebo/install/robot_mobile_gazebo/share/robot_mobile_gazebo//models/tree_mobile
-- Installing: /home/fadel/mobile_robot/src/robot_mobile_simulations/robot_mobile_gazebo/install/robot_mobile_gazebo/share/robot_mobile_gazebo//models/tree_mobile/meshes
-- Installing: /home/fadel/mobile_robot/src/robot_mobile_simulations/robot_mobile_gazebo/install/robot_mobile_gazebo/share/robot_mobile_gazebo//models/tree_mobile/meshes/Rueda_izquierda_link.STL
-- Installing: /home/fadel/mobile_robot/src/robot_mobile_simulations/robot_mobile_gazebo/install/robot_mobile_gazebo/share/robot_mobile_gazebo//models/tree_mobile/meshes/structure.stl
-- Installing: /home/fadel/mobile_robot/src/robot_mobile_simulations/robot_mobile_gazebo/install/robot_mobile_gazebo/share/robot_mobile_gazebo//models/tree_mobile/meshes/Base_castor_link.STL
-- Installing: /home/fadel/mobile_robot/src/robot_mobile_simulations/robot_mobile_gazebo/install/robot_mobile_gazebo/share/robot_mobile_gazebo//models/tree_mobile/meshes/base_link.STL
-- Installing: /home/fadel/mobile_robot/src/robot_mobile_simulations/robot_mobile_gazebo/install/robot_mobile_gazebo/share/robot_mobile_gazebo//models/tree_mobile/meshes/Rueda_derecha_link.STL
-- Installing: /home/fadel/mobile_robot/src/robot_mobile_simulations/robot_mobile_gazebo/install/robot_mobile_gazebo/share/robot_mobile_gazebo//models/tree_mobile/meshes/Rueda_castor_link.STL
-- Installing: /home/fadel/mobile_robot/src/robot_mobile_simulations/robot_mobile_gazebo/install/robot_mobile_gazebo/share/robot_mobile_gazebo//models/tree_mobile/meshes/lds.stl
-- Installing: /home/fadel/mobile_robot/src/robot_mobile_simulations/robot_mobile_gazebo/install/robot_mobile_gazebo/share/robot_mobile_gazebo//models/tree_mobile/model.config
-- Installing: /home/fadel/mobile_robot/src/robot_mobile_simulations/robot_mobile_gazebo/install/robot_mobile_gazebo/share/robot_mobile_gazebo//models/tree_mobile/tree_mobile.urdf
-- Installing: /home/fadel/mobile_robot/src/robot_mobile_simulations/robot_mobile_gazebo/install/robot_mobile_gazebo/share/robot_mobile_gazebo//models/obstacle8
-- Installing: /home/fadel/mobile_robot/src/robot_mobile_simulations/robot_mobile_gazebo/install/robot_mobile_gazebo/share/robot_mobile_gazebo//models/obstacle8/model.config
-- Installing: /home/fadel/mobile_robot/src/robot_mobile_simulations/robot_mobile_gazebo/install/robot_mobile_gazebo/share/robot_mobile_gazebo//models/obstacle8/model.sdf
-- Installing: /home/fadel/mobile_robot/src/robot_mobile_simulations/robot_mobile_gazebo/install/robot_mobile_gazebo/share/robot_mobile_gazebo//models/obstacle2
-- Installing: /home/fadel/mobile_robot/src/robot_mobile_simulations/robot_mobile_gazebo/install/robot_mobile_gazebo/share/robot_mobile_gazebo//models/obstacle2/model.config
-- Installing: /home/fadel/mobile_robot/src/robot_mobile_simulations/robot_mobile_gazebo/install/robot_mobile_gazebo/share/robot_mobile_gazebo//models/obstacle2/model.sdf
-- Installing: /home/fadel/mobile_robot/src/robot_mobile_simulations/robot_mobile_gazebo/install/robot_mobile_gazebo/share/robot_mobile_gazebo//models/obstacle1
-- Installing: /home/fadel/mobile_robot/src/robot_mobile_simulations/robot_mobile_gazebo/install/robot_mobile_gazebo/share/robot_mobile_gazebo//models/obstacle1/model.config
-- Installing: /home/fadel/mobile_robot/src/robot_mobile_simulations/robot_mobile_gazebo/install/robot_mobile_gazebo/share/robot_mobile_gazebo//models/obstacle1/model.sdf
-- Installing: /home/fadel/mobile_robot/src/robot_mobile_simulations/robot_mobile_gazebo/install/robot_mobile_gazebo/share/robot_mobile_gazebo//models/obstacle7
-- Installing: /home/fadel/mobile_robot/src/robot_mobile_simulations/robot_mobile_gazebo/install/robot_mobile_gazebo/share/robot_mobile_gazebo//models/obstacle7/model.config
-- Installing: /home/fadel/mobile_robot/src/robot_mobile_simulations/robot_mobile_gazebo/install/robot_mobile_gazebo/share/robot_mobile_gazebo//models/obstacle7/model.sdf
-- Installing: /home/fadel/mobile_robot/src/robot_mobile_simulations/robot_mobile_gazebo/install/robot_mobile_gazebo/share/robot_mobile_gazebo//models/obstacle6
-- Installing: /home/fadel/mobile_robot/src/robot_mobile_simulations/robot_mobile_gazebo/install/robot_mobile_gazebo/share/robot_mobile_gazebo//models/obstacle6/model.config
-- Installing: /home/fadel/mobile_robot/src/robot_mobile_simulations/robot_mobile_gazebo/install/robot_mobile_gazebo/share/robot_mobile_gazebo//models/obstacle6/model.sdf
-- Installing: /home/fadel/mobile_robot/src/robot_mobile_simulations/robot_mobile_gazebo/install/robot_mobile_gazebo/share/robot_mobile_gazebo//models/obstacle4
-- Installing: /home/fadel/mobile_robot/src/robot_mobile_simulations/robot_mobile_gazebo/install/robot_mobile_gazebo/share/robot_mobile_gazebo//models/obstacle4/model.config
-- Installing: /home/fadel/mobile_robot/src/robot_mobile_simulations/robot_mobile_gazebo/install/robot_mobile_gazebo/share/robot_mobile_gazebo//models/obstacle4/model.sdf
-- Installing: /home/fadel/mobile_robot/src/robot_mobile_simulations/robot_mobile_gazebo/install/robot_mobile_gazebo/share/robot_mobile_gazebo//models/obstacle9
-- Installing: /home/fadel/mobile_robot/src/robot_mobile_simulations/robot_mobile_gazebo/install/robot_mobile_gazebo/share/robot_mobile_gazebo//models/obstacle9/model.config
-- Installing: /home/fadel/mobile_robot/src/robot_mobile_simulations/robot_mobile_gazebo/install/robot_mobile_gazebo/share/robot_mobile_gazebo//models/obstacle9/model.sdf
-- Installing: /home/fadel/mobile_robot/src/robot_mobile_simulations/robot_mobile_gazebo/install/robot_mobile_gazebo/share/robot_mobile_gazebo//models/obstacle3
-- Installing: /home/fadel/mobile_robot/src/robot_mobile_simulations/robot_mobile_gazebo/install/robot_mobile_gazebo/share/robot_mobile_gazebo//models/obstacle3/model.config
-- Installing: /home/fadel/mobile_robot/src/robot_mobile_simulations/robot_mobile_gazebo/install/robot_mobile_gazebo/share/robot_mobile_gazebo//models/obstacle3/model.sdf
-- Installing: /home/fadel/mobile_robot/src/robot_mobile_simulations/robot_mobile_gazebo/install/robot_mobile_gazebo/share/robot_mobile_gazebo//models/10by10
-- Installing: /home/fadel/mobile_robot/src/robot_mobile_simulations/robot_mobile_gazebo/install/robot_mobile_gazebo/share/robot_mobile_gazebo//models/10by10/model.config
-- Installing: /home/fadel/mobile_robot/src/robot_mobile_simulations/robot_mobile_gazebo/install/robot_mobile_gazebo/share/robot_mobile_gazebo//models/10by10/model.sdf
-- Installing: /home/fadel/mobile_robot/src/robot_mobile_simulations/robot_mobile_gazebo/install/robot_mobile_gazebo/share/robot_mobile_gazebo//worlds
-- Installing: /home/fadel/mobile_robot/src/robot_mobile_simulations/robot_mobile_gazebo/install/robot_mobile_gazebo/share/robot_mobile_gazebo//worlds/drl
-- Installing: /home/fadel/mobile_robot/src/robot_mobile_simulations/robot_mobile_gazebo/install/robot_mobile_gazebo/share/robot_mobile_gazebo//worlds/drl/world.world
-- Installing: /home/fadel/mobile_robot/src/robot_mobile_simulations/robot_mobile_gazebo/install/robot_mobile_gazebo/share/robot_mobile_gazebo//worlds/world_1.world
-- Installing: /home/fadel/mobile_robot/src/robot_mobile_simulations/robot_mobile_gazebo/install/robot_mobile_gazebo/share/robot_mobile_gazebo//worlds/world_treewheels.world
-- Installing: /home/fadel/mobile_robot/src/robot_mobile_simulations/robot_mobile_gazebo/install/robot_mobile_gazebo/include/
-- Installing: /home/fadel/mobile_robot/src/robot_mobile_simulations/robot_mobile_gazebo/install/robot_mobile_gazebo/include//robot_mobile_gazebo
-- Installing: /home/fadel/mobile_robot/src/robot_mobile_simulations/robot_mobile_gazebo/install/robot_mobile_gazebo/include//robot_mobile_gazebo/tree_mobile_drive.hpp
-- Installing: /home/fadel/mobile_robot/src/robot_mobile_simulations/robot_mobile_gazebo/install/robot_mobile_gazebo/share/ament_index/resource_index/package_run_dependencies/robot_mobile_gazebo
-- Installing: /home/fadel/mobile_robot/src/robot_mobile_simulations/robot_mobile_gazebo/install/robot_mobile_gazebo/share/ament_index/resource_index/parent_prefix_path/robot_mobile_gazebo
-- Installing: /home/fadel/mobile_robot/src/robot_mobile_simulations/robot_mobile_gazebo/install/robot_mobile_gazebo/share/robot_mobile_gazebo/environment/ament_prefix_path.sh
-- Installing: /home/fadel/mobile_robot/src/robot_mobile_simulations/robot_mobile_gazebo/install/robot_mobile_gazebo/share/robot_mobile_gazebo/environment/ament_prefix_path.dsv
-- Installing: /home/fadel/mobile_robot/src/robot_mobile_simulations/robot_mobile_gazebo/install/robot_mobile_gazebo/share/robot_mobile_gazebo/environment/path.sh
-- Installing: /home/fadel/mobile_robot/src/robot_mobile_simulations/robot_mobile_gazebo/install/robot_mobile_gazebo/share/robot_mobile_gazebo/environment/path.dsv
-- Installing: /home/fadel/mobile_robot/src/robot_mobile_simulations/robot_mobile_gazebo/install/robot_mobile_gazebo/share/robot_mobile_gazebo/local_setup.bash
-- Installing: /home/fadel/mobile_robot/src/robot_mobile_simulations/robot_mobile_gazebo/install/robot_mobile_gazebo/share/robot_mobile_gazebo/local_setup.sh
-- Installing: /home/fadel/mobile_robot/src/robot_mobile_simulations/robot_mobile_gazebo/install/robot_mobile_gazebo/share/robot_mobile_gazebo/local_setup.zsh
-- Installing: /home/fadel/mobile_robot/src/robot_mobile_simulations/robot_mobile_gazebo/install/robot_mobile_gazebo/share/robot_mobile_gazebo/local_setup.dsv
-- Installing: /home/fadel/mobile_robot/src/robot_mobile_simulations/robot_mobile_gazebo/install/robot_mobile_gazebo/share/robot_mobile_gazebo/package.dsv
-- Installing: /home/fadel/mobile_robot/src/robot_mobile_simulations/robot_mobile_gazebo/install/robot_mobile_gazebo/share/ament_index/resource_index/packages/robot_mobile_gazebo
-- Installing: /home/fadel/mobile_robot/src/robot_mobile_simulations/robot_mobile_gazebo/install/robot_mobile_gazebo/share/robot_mobile_gazebo/cmake/ament_cmake_export_include_directories-extras.cmake
-- Installing: /home/fadel/mobile_robot/src/robot_mobile_simulations/robot_mobile_gazebo/install/robot_mobile_gazebo/share/robot_mobile_gazebo/cmake/ament_cmake_export_dependencies-extras.cmake
-- Installing: /home/fadel/mobile_robot/src/robot_mobile_simulations/robot_mobile_gazebo/install/robot_mobile_gazebo/share/robot_mobile_gazebo/cmake/robot_mobile_gazeboConfig.cmake
-- Installing: /home/fadel/mobile_robot/src/robot_mobile_simulations/robot_mobile_gazebo/install/robot_mobile_gazebo/share/robot_mobile_gazebo/cmake/robot_mobile_gazeboConfig-version.cmake
-- Installing: /home/fadel/mobile_robot/src/robot_mobile_simulations/robot_mobile_gazebo/install/robot_mobile_gazebo/share/robot_mobile_gazebo/package.xml
