[0.008s] Invoking command in '/home/fadel/mobile_robot/src/robot_mobile_simulations/robot_mobile_gazebo/build/robot_mobile_gazebo': CMAKE_PREFIX_PATH=/opt/ros/humble /usr/bin/cmake /home/fadel/mobile_robot/src/robot_mobile_simulations/robot_mobile_gazebo -DCMAKE_INSTALL_PREFIX=/home/fadel/mobile_robot/src/robot_mobile_simulations/robot_mobile_gazebo/install/robot_mobile_gazebo
[0.049s] -- The C compiler identification is GNU 11.4.0
[0.092s] -- The CXX compiler identification is GNU 11.4.0
[0.098s] -- Detecting C compiler ABI info
[0.148s] -- Detecting C compiler ABI info - done
[0.155s] -- Check for working C compiler: /usr/bin/cc - skipped
[0.155s] -- Detecting C compile features
[0.155s] -- Detecting C compile features - done
[0.158s] -- Detecting CXX compiler ABI info
[0.217s] -- Detecting CXX compiler ABI info - done
[0.224s] -- Check for working CXX compiler: /usr/bin/c++ - skipped
[0.224s] -- Detecting CXX compile features
[0.224s] -- Detecting CXX compile features - done
[0.226s] -- Found ament_cmake: 1.3.11 (/opt/ros/humble/share/ament_cmake/cmake)
[0.342s] -- Found Python3: /usr/bin/python3 (found version "3.10.12") found components: Interpreter 
[0.409s] [33mCMake Warning (dev) at /usr/share/cmake-3.22/Modules/FindPackageHandleStandardArgs.cmake:438 (message):
[0.409s]   The package name passed to `find_package_handle_standard_args` (PkgConfig)
[0.409s]   does not match the name of the calling package (gazebo).  This can lead to
[0.409s]   problems in calling code that expects `find_package` result variables
[0.409s]   (e.g., `_FOUND`) to follow a certain pattern.
[0.409s] Call Stack (most recent call first):
[0.409s]   /usr/share/cmake-3.22/Modules/FindPkgConfig.cmake:99 (find_package_handle_standard_args)
[0.409s]   /usr/lib/x86_64-linux-gnu/cmake/gazebo/gazebo-config.cmake:72 (include)
[0.409s]   CMakeLists.txt:20 (find_package)
[0.410s] This warning is for project developers.  Use -Wno-dev to suppress it.
[0.410s] [0m
[0.410s] -- Found PkgConfig: /usr/bin/pkg-config (found version "0.29.2") 
[0.412s] -- Checking for module 'bullet>=2.82'
[0.419s] --   Found bullet, version 3.05
[0.483s] -- Found fcl: /usr/include (found suitable version "0.7.0", minimum required is "0.5.0") 
[0.511s] -- Found assimp: /usr/include (found version "5.2.0") 
[0.523s] -- Found DART: /usr/include (Required is at least version "6.6") found components: dart 
[0.656s] -- Found Boost: /usr/lib/x86_64-linux-gnu/cmake/Boost-1.74.0/BoostConfig.cmake (found suitable version "1.74.0", minimum required is "1.40.0") found components: thread system filesystem program_options regex iostreams date_time 
[0.674s] -- Found Protobuf: /usr/lib/x86_64-linux-gnu/libprotobuf.so (found version "3.12.4") 
[0.679s] -- Looking for ignition-math6 -- found version 6.15.1
[0.684s] -- Searching for dependencies of ignition-math6
[0.686s] -- Looking for OGRE...
[0.686s] -- OGRE_PREFIX_WATCH changed.
[0.690s] -- Checking for module 'OGRE'
[0.697s] --   Found OGRE, version 1.9.0
[0.716s] -- Found Ogre Ghadamon (1.9.0)
[0.723s] -- Found OGRE: optimized;/usr/lib/x86_64-linux-gnu/libOgreMain.so;debug;/usr/lib/x86_64-linux-gnu/libOgreMain.so
[0.730s] -- Looking for OGRE_Paging...
[0.734s] -- Found OGRE_Paging: optimized;/usr/lib/x86_64-linux-gnu/libOgrePaging.so;debug;/usr/lib/x86_64-linux-gnu/libOgrePaging.so
[0.734s] -- Looking for OGRE_Terrain...
[0.738s] -- Found OGRE_Terrain: optimized;/usr/lib/x86_64-linux-gnu/libOgreTerrain.so;debug;/usr/lib/x86_64-linux-gnu/libOgreTerrain.so
[0.738s] -- Looking for OGRE_Property...
[0.741s] -- Found OGRE_Property: optimized;/usr/lib/x86_64-linux-gnu/libOgreProperty.so;debug;/usr/lib/x86_64-linux-gnu/libOgreProperty.so
[0.742s] -- Looking for OGRE_RTShaderSystem...
[0.745s] -- Found OGRE_RTShaderSystem: optimized;/usr/lib/x86_64-linux-gnu/libOgreRTShaderSystem.so;debug;/usr/lib/x86_64-linux-gnu/libOgreRTShaderSystem.so
[0.745s] -- Looking for OGRE_Volume...
[0.749s] -- Found OGRE_Volume: optimized;/usr/lib/x86_64-linux-gnu/libOgreVolume.so;debug;/usr/lib/x86_64-linux-gnu/libOgreVolume.so
[0.749s] -- Looking for OGRE_Overlay...
[0.752s] -- Found OGRE_Overlay: optimized;/usr/lib/x86_64-linux-gnu/libOgreOverlay.so;debug;/usr/lib/x86_64-linux-gnu/libOgreOverlay.so
[0.835s] -- Looking for ignition-math6 -- found version 6.15.1
[0.836s] -- Looking for ignition-transport8 -- found version 8.2.1
[0.837s] -- Searching for dependencies of ignition-transport8
[0.850s] -- Found Protobuf: /usr/lib/x86_64-linux-gnu/libprotobuf.so (found suitable version "3.12.4", minimum required is "3") 
[0.858s] -- Config-file not installed for ZeroMQ -- checking for pkg-config
[0.862s] -- Checking for module 'libzmq >= 4'
[0.870s] --   Found libzmq , version 4.3.4
[0.891s] -- Found ZeroMQ: TRUE (Required is at least version "4") 
[0.895s] -- Checking for module 'uuid'
[0.902s] --   Found uuid, version 2.37.2
[0.921s] -- Found UUID: TRUE  
[0.923s] -- Looking for ignition-msgs5 -- found version 5.8.1
[0.923s] -- Searching for dependencies of ignition-msgs5
[0.937s] -- Looking for ignition-math6 -- found version 6.15.1
[0.940s] -- Checking for module 'tinyxml2'
[0.948s] --   Found tinyxml2, version 9.0.0
[0.969s] -- Looking for ignition-msgs5 -- found version 5.8.1
[0.970s] -- Looking for ignition-common3 -- found version 3.14.0
[0.970s] -- Searching for dependencies of ignition-common3
[0.971s] -- Looking for dlfcn.h - found
[0.971s] -- Looking for libdl - found
[0.972s] -- Found DL: TRUE  
[0.980s] -- Found tinyobjloader: /usr/lib/x86_64-linux-gnu/cmake/tinyobjloader/tinyobjloader-config.cmake (found version "2.0.0") 
[0.980s] -- Searching for <ignition-common3> component [graphics]
[0.982s] -- Looking for ignition-common3-graphics -- found version 3.14.0
[0.982s] -- Searching for dependencies of ignition-common3-graphics
[0.982s] -- Looking for ignition-math6 -- found version 6.15.1
[0.984s] -- Looking for ignition-fuel_tools4 -- found version 4.4.0
[0.984s] -- Searching for dependencies of ignition-fuel_tools4
[1.031s] -- Found CURL: /usr/lib/x86_64-linux-gnu/libcurl.so (found version "7.81.0")  
[1.037s] -- Checking for module 'jsoncpp'
[1.044s] --   Found jsoncpp, version 1.9.5
[1.063s] -- Found JSONCPP: TRUE  
[1.068s] -- Checking for module 'libzip'
[1.077s] --   Found libzip, version 1.7.3
[1.097s] -- Found ZIP: TRUE  
[1.097s] -- Looking for ignition-common3 -- found version 3.14.0
[1.097s] -- Looking for ignition-math6 -- found version 6.15.1
[1.098s] -- Looking for ignition-msgs5 -- found version 5.8.1
[1.101s] -- Found gazebo_ros_pkgs: 3.7.0 (/opt/ros/humble/share/gazebo_ros_pkgs/cmake)
[1.103s] -- Found geometry_msgs: 4.2.4 (/opt/ros/humble/share/geometry_msgs/cmake)
[1.125s] -- Found rosidl_generator_c: 3.1.6 (/opt/ros/humble/share/rosidl_generator_c/cmake)
[1.129s] -- Found rosidl_adapter: 3.1.6 (/opt/ros/humble/share/rosidl_adapter/cmake)
[1.135s] -- Found rosidl_generator_cpp: 3.1.6 (/opt/ros/humble/share/rosidl_generator_cpp/cmake)
[1.145s] -- Using all available rosidl_typesupport_c: rosidl_typesupport_fastrtps_c;rosidl_typesupport_introspection_c
[1.158s] -- Using all available rosidl_typesupport_cpp: rosidl_typesupport_fastrtps_cpp;rosidl_typesupport_introspection_cpp
[1.189s] -- Found nav_msgs: 4.2.4 (/opt/ros/humble/share/nav_msgs/cmake)
[1.203s] -- Found rclcpp: 16.0.11 (/opt/ros/humble/share/rclcpp/cmake)
[1.231s] -- Found rmw_implementation_cmake: 6.1.2 (/opt/ros/humble/share/rmw_implementation_cmake/cmake)
[1.233s] -- Found rmw_fastrtps_cpp: 6.2.7 (/opt/ros/humble/share/rmw_fastrtps_cpp/cmake)
[1.295s] -- Found OpenSSL: /usr/lib/x86_64-linux-gnu/libcrypto.so (found version "3.0.2")  
[1.313s] -- Found FastRTPS: /opt/ros/humble/include  
[1.345s] -- Using RMW implementation 'rmw_fastrtps_cpp' as default
[1.352s] -- Found Threads: TRUE  
[1.383s] -- Found sensor_msgs: 4.2.4 (/opt/ros/humble/share/sensor_msgs/cmake)
[1.397s] -- Found tf2: 0.25.11 (/opt/ros/humble/share/tf2/cmake)
[1.453s] -- Configuring done
[1.461s] -- Generating done
[1.465s] -- Build files have been written to: /home/fadel/mobile_robot/src/robot_mobile_simulations/robot_mobile_gazebo/build/robot_mobile_gazebo
[1.475s] Invoked command in '/home/fadel/mobile_robot/src/robot_mobile_simulations/robot_mobile_gazebo/build/robot_mobile_gazebo' returned '0': CMAKE_PREFIX_PATH=/opt/ros/humble /usr/bin/cmake /home/fadel/mobile_robot/src/robot_mobile_simulations/robot_mobile_gazebo -DCMAKE_INSTALL_PREFIX=/home/fadel/mobile_robot/src/robot_mobile_simulations/robot_mobile_gazebo/install/robot_mobile_gazebo
[1.476s] Invoking command in '/home/fadel/mobile_robot/src/robot_mobile_simulations/robot_mobile_gazebo/build/robot_mobile_gazebo': CMAKE_PREFIX_PATH=/opt/ros/humble /usr/bin/cmake --build /home/fadel/mobile_robot/src/robot_mobile_simulations/robot_mobile_gazebo/build/robot_mobile_gazebo -- -j16 -l16
[1.509s] [ 50%] [32mBuilding CXX object CMakeFiles/tree_mobile_drive.dir/src/tree_mobile_drive.cpp.o[0m
[10.221s] [100%] [32m[1mLinking CXX executable tree_mobile_drive[0m
[10.605s] [100%] Built target tree_mobile_drive
[10.617s] Invoked command in '/home/fadel/mobile_robot/src/robot_mobile_simulations/robot_mobile_gazebo/build/robot_mobile_gazebo' returned '0': CMAKE_PREFIX_PATH=/opt/ros/humble /usr/bin/cmake --build /home/fadel/mobile_robot/src/robot_mobile_simulations/robot_mobile_gazebo/build/robot_mobile_gazebo -- -j16 -l16
[10.623s] Invoking command in '/home/fadel/mobile_robot/src/robot_mobile_simulations/robot_mobile_gazebo/build/robot_mobile_gazebo': CMAKE_PREFIX_PATH=/opt/ros/humble /usr/bin/cmake --install /home/fadel/mobile_robot/src/robot_mobile_simulations/robot_mobile_gazebo/build/robot_mobile_gazebo
[10.628s] -- Install configuration: ""
[10.629s] -- Installing: /home/fadel/mobile_robot/src/robot_mobile_simulations/robot_mobile_gazebo/install/robot_mobile_gazebo/lib/robot_mobile_gazebo/tree_mobile_drive
[10.631s] -- Set runtime path of "/home/fadel/mobile_robot/src/robot_mobile_simulations/robot_mobile_gazebo/install/robot_mobile_gazebo/lib/robot_mobile_gazebo/tree_mobile_drive" to ""
[10.632s] -- Installing: /home/fadel/mobile_robot/src/robot_mobile_simulations/robot_mobile_gazebo/install/robot_mobile_gazebo/share/robot_mobile_gazebo//launch
[10.632s] -- Installing: /home/fadel/mobile_robot/src/robot_mobile_simulations/robot_mobile_gazebo/install/robot_mobile_gazebo/share/robot_mobile_gazebo//launch/ros2_drl.launch.py
[10.632s] -- Installing: /home/fadel/mobile_robot/src/robot_mobile_simulations/robot_mobile_gazebo/install/robot_mobile_gazebo/share/robot_mobile_gazebo//launch/robot_state_publisher.launch.py
[10.632s] -- Installing: /home/fadel/mobile_robot/src/robot_mobile_simulations/robot_mobile_gazebo/install/robot_mobile_gazebo/share/robot_mobile_gazebo//rviz
[10.632s] -- Installing: /home/fadel/mobile_robot/src/robot_mobile_simulations/robot_mobile_gazebo/install/robot_mobile_gazebo/share/robot_mobile_gazebo//models
[10.632s] -- Installing: /home/fadel/mobile_robot/src/robot_mobile_simulations/robot_mobile_gazebo/install/robot_mobile_gazebo/share/robot_mobile_gazebo//models/obstacle10
[10.632s] -- Installing: /home/fadel/mobile_robot/src/robot_mobile_simulations/robot_mobile_gazebo/install/robot_mobile_gazebo/share/robot_mobile_gazebo//models/obstacle10/model.config
[10.632s] -- Installing: /home/fadel/mobile_robot/src/robot_mobile_simulations/robot_mobile_gazebo/install/robot_mobile_gazebo/share/robot_mobile_gazebo//models/obstacle10/model.sdf
[10.632s] -- Installing: /home/fadel/mobile_robot/src/robot_mobile_simulations/robot_mobile_gazebo/install/robot_mobile_gazebo/share/robot_mobile_gazebo//models/obstacle5
[10.632s] -- Installing: /home/fadel/mobile_robot/src/robot_mobile_simulations/robot_mobile_gazebo/install/robot_mobile_gazebo/share/robot_mobile_gazebo//models/obstacle5/model.config
[10.632s] -- Installing: /home/fadel/mobile_robot/src/robot_mobile_simulations/robot_mobile_gazebo/install/robot_mobile_gazebo/share/robot_mobile_gazebo//models/obstacle5/model.sdf
[10.632s] -- Installing: /home/fadel/mobile_robot/src/robot_mobile_simulations/robot_mobile_gazebo/install/robot_mobile_gazebo/share/robot_mobile_gazebo//models/tree_mobile
[10.632s] -- Installing: /home/fadel/mobile_robot/src/robot_mobile_simulations/robot_mobile_gazebo/install/robot_mobile_gazebo/share/robot_mobile_gazebo//models/tree_mobile/meshes
[10.633s] -- Installing: /home/fadel/mobile_robot/src/robot_mobile_simulations/robot_mobile_gazebo/install/robot_mobile_gazebo/share/robot_mobile_gazebo//models/tree_mobile/meshes/Rueda_izquierda_link.STL
[10.633s] -- Installing: /home/fadel/mobile_robot/src/robot_mobile_simulations/robot_mobile_gazebo/install/robot_mobile_gazebo/share/robot_mobile_gazebo//models/tree_mobile/meshes/structure.stl
[10.634s] -- Installing: /home/fadel/mobile_robot/src/robot_mobile_simulations/robot_mobile_gazebo/install/robot_mobile_gazebo/share/robot_mobile_gazebo//models/tree_mobile/meshes/Base_castor_link.STL
[10.634s] -- Installing: /home/fadel/mobile_robot/src/robot_mobile_simulations/robot_mobile_gazebo/install/robot_mobile_gazebo/share/robot_mobile_gazebo//models/tree_mobile/meshes/base_link.STL
[10.636s] -- Installing: /home/fadel/mobile_robot/src/robot_mobile_simulations/robot_mobile_gazebo/install/robot_mobile_gazebo/share/robot_mobile_gazebo//models/tree_mobile/meshes/Rueda_derecha_link.STL
[10.636s] -- Installing: /home/fadel/mobile_robot/src/robot_mobile_simulations/robot_mobile_gazebo/install/robot_mobile_gazebo/share/robot_mobile_gazebo//models/tree_mobile/meshes/Rueda_castor_link.STL
[10.637s] -- Installing: /home/fadel/mobile_robot/src/robot_mobile_simulations/robot_mobile_gazebo/install/robot_mobile_gazebo/share/robot_mobile_gazebo//models/tree_mobile/meshes/lds.stl
[10.637s] -- Installing: /home/fadel/mobile_robot/src/robot_mobile_simulations/robot_mobile_gazebo/install/robot_mobile_gazebo/share/robot_mobile_gazebo//models/tree_mobile/model.config
[10.637s] -- Installing: /home/fadel/mobile_robot/src/robot_mobile_simulations/robot_mobile_gazebo/install/robot_mobile_gazebo/share/robot_mobile_gazebo//models/tree_mobile/tree_mobile.urdf
[10.637s] -- Installing: /home/fadel/mobile_robot/src/robot_mobile_simulations/robot_mobile_gazebo/install/robot_mobile_gazebo/share/robot_mobile_gazebo//models/obstacle8
[10.637s] -- Installing: /home/fadel/mobile_robot/src/robot_mobile_simulations/robot_mobile_gazebo/install/robot_mobile_gazebo/share/robot_mobile_gazebo//models/obstacle8/model.config
[10.637s] -- Installing: /home/fadel/mobile_robot/src/robot_mobile_simulations/robot_mobile_gazebo/install/robot_mobile_gazebo/share/robot_mobile_gazebo//models/obstacle8/model.sdf
[10.637s] -- Installing: /home/fadel/mobile_robot/src/robot_mobile_simulations/robot_mobile_gazebo/install/robot_mobile_gazebo/share/robot_mobile_gazebo//models/obstacle2
[10.637s] -- Installing: /home/fadel/mobile_robot/src/robot_mobile_simulations/robot_mobile_gazebo/install/robot_mobile_gazebo/share/robot_mobile_gazebo//models/obstacle2/model.config
[10.637s] -- Installing: /home/fadel/mobile_robot/src/robot_mobile_simulations/robot_mobile_gazebo/install/robot_mobile_gazebo/share/robot_mobile_gazebo//models/obstacle2/model.sdf
[10.638s] -- Installing: /home/fadel/mobile_robot/src/robot_mobile_simulations/robot_mobile_gazebo/install/robot_mobile_gazebo/share/robot_mobile_gazebo//models/obstacle1
[10.638s] -- Installing: /home/fadel/mobile_robot/src/robot_mobile_simulations/robot_mobile_gazebo/install/robot_mobile_gazebo/share/robot_mobile_gazebo//models/obstacle1/model.config
[10.638s] -- Installing: /home/fadel/mobile_robot/src/robot_mobile_simulations/robot_mobile_gazebo/install/robot_mobile_gazebo/share/robot_mobile_gazebo//models/obstacle1/model.sdf
[10.638s] -- Installing: /home/fadel/mobile_robot/src/robot_mobile_simulations/robot_mobile_gazebo/install/robot_mobile_gazebo/share/robot_mobile_gazebo//models/obstacle7
[10.638s] -- Installing: /home/fadel/mobile_robot/src/robot_mobile_simulations/robot_mobile_gazebo/install/robot_mobile_gazebo/share/robot_mobile_gazebo//models/obstacle7/model.config
[10.638s] -- Installing: /home/fadel/mobile_robot/src/robot_mobile_simulations/robot_mobile_gazebo/install/robot_mobile_gazebo/share/robot_mobile_gazebo//models/obstacle7/model.sdf
[10.638s] -- Installing: /home/fadel/mobile_robot/src/robot_mobile_simulations/robot_mobile_gazebo/install/robot_mobile_gazebo/share/robot_mobile_gazebo//models/obstacle6
[10.638s] -- Installing: /home/fadel/mobile_robot/src/robot_mobile_simulations/robot_mobile_gazebo/install/robot_mobile_gazebo/share/robot_mobile_gazebo//models/obstacle6/model.config
[10.638s] -- Installing: /home/fadel/mobile_robot/src/robot_mobile_simulations/robot_mobile_gazebo/install/robot_mobile_gazebo/share/robot_mobile_gazebo//models/obstacle6/model.sdf
[10.638s] -- Installing: /home/fadel/mobile_robot/src/robot_mobile_simulations/robot_mobile_gazebo/install/robot_mobile_gazebo/share/robot_mobile_gazebo//models/obstacle4
[10.638s] -- Installing: /home/fadel/mobile_robot/src/robot_mobile_simulations/robot_mobile_gazebo/install/robot_mobile_gazebo/share/robot_mobile_gazebo//models/obstacle4/model.config
[10.638s] -- Installing: /home/fadel/mobile_robot/src/robot_mobile_simulations/robot_mobile_gazebo/install/robot_mobile_gazebo/share/robot_mobile_gazebo//models/obstacle4/model.sdf
[10.638s] -- Installing: /home/fadel/mobile_robot/src/robot_mobile_simulations/robot_mobile_gazebo/install/robot_mobile_gazebo/share/robot_mobile_gazebo//models/obstacle9
[10.638s] -- Installing: /home/fadel/mobile_robot/src/robot_mobile_simulations/robot_mobile_gazebo/install/robot_mobile_gazebo/share/robot_mobile_gazebo//models/obstacle9/model.config
[10.638s] -- Installing: /home/fadel/mobile_robot/src/robot_mobile_simulations/robot_mobile_gazebo/install/robot_mobile_gazebo/share/robot_mobile_gazebo//models/obstacle9/model.sdf
[10.638s] -- Installing: /home/fadel/mobile_robot/src/robot_mobile_simulations/robot_mobile_gazebo/install/robot_mobile_gazebo/share/robot_mobile_gazebo//models/obstacle3
[10.638s] -- Installing: /home/fadel/mobile_robot/src/robot_mobile_simulations/robot_mobile_gazebo/install/robot_mobile_gazebo/share/robot_mobile_gazebo//models/obstacle3/model.config
[10.638s] -- Installing: /home/fadel/mobile_robot/src/robot_mobile_simulations/robot_mobile_gazebo/install/robot_mobile_gazebo/share/robot_mobile_gazebo//models/obstacle3/model.sdf
[10.638s] -- Installing: /home/fadel/mobile_robot/src/robot_mobile_simulations/robot_mobile_gazebo/install/robot_mobile_gazebo/share/robot_mobile_gazebo//models/10by10
[10.639s] -- Installing: /home/fadel/mobile_robot/src/robot_mobile_simulations/robot_mobile_gazebo/install/robot_mobile_gazebo/share/robot_mobile_gazebo//models/10by10/model.config
[10.639s] -- Installing: /home/fadel/mobile_robot/src/robot_mobile_simulations/robot_mobile_gazebo/install/robot_mobile_gazebo/share/robot_mobile_gazebo//models/10by10/model.sdf
[10.639s] -- Installing: /home/fadel/mobile_robot/src/robot_mobile_simulations/robot_mobile_gazebo/install/robot_mobile_gazebo/share/robot_mobile_gazebo//worlds
[10.639s] -- Installing: /home/fadel/mobile_robot/src/robot_mobile_simulations/robot_mobile_gazebo/install/robot_mobile_gazebo/share/robot_mobile_gazebo//worlds/drl
[10.639s] -- Installing: /home/fadel/mobile_robot/src/robot_mobile_simulations/robot_mobile_gazebo/install/robot_mobile_gazebo/share/robot_mobile_gazebo//worlds/drl/world.world
[10.639s] -- Installing: /home/fadel/mobile_robot/src/robot_mobile_simulations/robot_mobile_gazebo/install/robot_mobile_gazebo/share/robot_mobile_gazebo//worlds/world_1.world
[10.639s] -- Installing: /home/fadel/mobile_robot/src/robot_mobile_simulations/robot_mobile_gazebo/install/robot_mobile_gazebo/share/robot_mobile_gazebo//worlds/world_treewheels.world
[10.639s] -- Installing: /home/fadel/mobile_robot/src/robot_mobile_simulations/robot_mobile_gazebo/install/robot_mobile_gazebo/include/
[10.639s] -- Installing: /home/fadel/mobile_robot/src/robot_mobile_simulations/robot_mobile_gazebo/install/robot_mobile_gazebo/include//robot_mobile_gazebo
[10.639s] -- Installing: /home/fadel/mobile_robot/src/robot_mobile_simulations/robot_mobile_gazebo/install/robot_mobile_gazebo/include//robot_mobile_gazebo/tree_mobile_drive.hpp
[10.639s] -- Installing: /home/fadel/mobile_robot/src/robot_mobile_simulations/robot_mobile_gazebo/install/robot_mobile_gazebo/share/ament_index/resource_index/package_run_dependencies/robot_mobile_gazebo
[10.639s] -- Installing: /home/fadel/mobile_robot/src/robot_mobile_simulations/robot_mobile_gazebo/install/robot_mobile_gazebo/share/ament_index/resource_index/parent_prefix_path/robot_mobile_gazebo
[10.639s] -- Installing: /home/fadel/mobile_robot/src/robot_mobile_simulations/robot_mobile_gazebo/install/robot_mobile_gazebo/share/robot_mobile_gazebo/environment/ament_prefix_path.sh
[10.639s] -- Installing: /home/fadel/mobile_robot/src/robot_mobile_simulations/robot_mobile_gazebo/install/robot_mobile_gazebo/share/robot_mobile_gazebo/environment/ament_prefix_path.dsv
[10.640s] -- Installing: /home/fadel/mobile_robot/src/robot_mobile_simulations/robot_mobile_gazebo/install/robot_mobile_gazebo/share/robot_mobile_gazebo/environment/path.sh
[10.640s] -- Installing: /home/fadel/mobile_robot/src/robot_mobile_simulations/robot_mobile_gazebo/install/robot_mobile_gazebo/share/robot_mobile_gazebo/environment/path.dsv
[10.640s] -- Installing: /home/fadel/mobile_robot/src/robot_mobile_simulations/robot_mobile_gazebo/install/robot_mobile_gazebo/share/robot_mobile_gazebo/local_setup.bash
[10.640s] -- Installing: /home/fadel/mobile_robot/src/robot_mobile_simulations/robot_mobile_gazebo/install/robot_mobile_gazebo/share/robot_mobile_gazebo/local_setup.sh
[10.640s] -- Installing: /home/fadel/mobile_robot/src/robot_mobile_simulations/robot_mobile_gazebo/install/robot_mobile_gazebo/share/robot_mobile_gazebo/local_setup.zsh
[10.640s] -- Installing: /home/fadel/mobile_robot/src/robot_mobile_simulations/robot_mobile_gazebo/install/robot_mobile_gazebo/share/robot_mobile_gazebo/local_setup.dsv
[10.640s] -- Installing: /home/fadel/mobile_robot/src/robot_mobile_simulations/robot_mobile_gazebo/install/robot_mobile_gazebo/share/robot_mobile_gazebo/package.dsv
[10.640s] -- Installing: /home/fadel/mobile_robot/src/robot_mobile_simulations/robot_mobile_gazebo/install/robot_mobile_gazebo/share/ament_index/resource_index/packages/robot_mobile_gazebo
[10.640s] -- Installing: /home/fadel/mobile_robot/src/robot_mobile_simulations/robot_mobile_gazebo/install/robot_mobile_gazebo/share/robot_mobile_gazebo/cmake/ament_cmake_export_include_directories-extras.cmake
[10.640s] -- Installing: /home/fadel/mobile_robot/src/robot_mobile_simulations/robot_mobile_gazebo/install/robot_mobile_gazebo/share/robot_mobile_gazebo/cmake/ament_cmake_export_dependencies-extras.cmake
[10.640s] -- Installing: /home/fadel/mobile_robot/src/robot_mobile_simulations/robot_mobile_gazebo/install/robot_mobile_gazebo/share/robot_mobile_gazebo/cmake/robot_mobile_gazeboConfig.cmake
[10.640s] -- Installing: /home/fadel/mobile_robot/src/robot_mobile_simulations/robot_mobile_gazebo/install/robot_mobile_gazebo/share/robot_mobile_gazebo/cmake/robot_mobile_gazeboConfig-version.cmake
[10.641s] -- Installing: /home/fadel/mobile_robot/src/robot_mobile_simulations/robot_mobile_gazebo/install/robot_mobile_gazebo/share/robot_mobile_gazebo/package.xml
[10.642s] Invoked command in '/home/fadel/mobile_robot/src/robot_mobile_simulations/robot_mobile_gazebo/build/robot_mobile_gazebo' returned '0': CMAKE_PREFIX_PATH=/opt/ros/humble /usr/bin/cmake --install /home/fadel/mobile_robot/src/robot_mobile_simulations/robot_mobile_gazebo/build/robot_mobile_gazebo
