/home/fadel/mobile_robot/install/robot_mobile/lib/python3.10/site-packages/robot_mobile/__init__.py
/home/fadel/mobile_robot/install/robot_mobile/lib/python3.10/site-packages/robot_mobile/__pycache__/__init__.cpython-310.pyc
/home/fadel/mobile_robot/install/robot_mobile/share/ament_index/resource_index/packages/robot_mobile
/home/fadel/mobile_robot/install/robot_mobile/share/robot_mobile/package.xml
/home/fadel/mobile_robot/install/robot_mobile/share/robot_mobile/urdf/tree_mobile.urdf
/home/fadel/mobile_robot/install/robot_mobile/share/robot_mobile/launch/gazebo.launch.py
/home/fadel/mobile_robot/install/robot_mobile/share/robot_mobile/launch/display.launch.py
/home/fadel/mobile_robot/install/robot_mobile/share/robot_mobile/meshes/Rueda_izquierda_link.STL
/home/fadel/mobile_robot/install/robot_mobile/share/robot_mobile/meshes/structure.stl
/home/fadel/mobile_robot/install/robot_mobile/share/robot_mobile/meshes/Base_castor_link.STL
/home/fadel/mobile_robot/install/robot_mobile/share/robot_mobile/meshes/base_link.STL
/home/fadel/mobile_robot/install/robot_mobile/share/robot_mobile/meshes/Rueda_derecha_link.STL
/home/fadel/mobile_robot/install/robot_mobile/share/robot_mobile/meshes/Rueda_castor_link.STL
/home/fadel/mobile_robot/install/robot_mobile/share/robot_mobile/meshes/lds.stl
/home/fadel/mobile_robot/install/robot_mobile/share/robot_mobile/worlds/world.world
/home/fadel/mobile_robot/install/robot_mobile/share/robot_mobile/worlds/world_1.world
/home/fadel/mobile_robot/install/robot_mobile/share/robot_mobile/worlds/world_treewheels.world
/home/fadel/mobile_robot/install/robot_mobile/lib/python3.10/site-packages/robot_mobile-0.0.0-py3.10.egg-info/PKG-INFO
/home/fadel/mobile_robot/install/robot_mobile/lib/python3.10/site-packages/robot_mobile-0.0.0-py3.10.egg-info/SOURCES.txt
/home/fadel/mobile_robot/install/robot_mobile/lib/python3.10/site-packages/robot_mobile-0.0.0-py3.10.egg-info/top_level.txt
/home/fadel/mobile_robot/install/robot_mobile/lib/python3.10/site-packages/robot_mobile-0.0.0-py3.10.egg-info/requires.txt
/home/fadel/mobile_robot/install/robot_mobile/lib/python3.10/site-packages/robot_mobile-0.0.0-py3.10.egg-info/entry_points.txt
/home/fadel/mobile_robot/install/robot_mobile/lib/python3.10/site-packages/robot_mobile-0.0.0-py3.10.egg-info/dependency_links.txt
/home/fadel/mobile_robot/install/robot_mobile/lib/python3.10/site-packages/robot_mobile-0.0.0-py3.10.egg-info/zip-safe
