[0.090s] DEBUG:colcon:Command line arguments: ['/usr/bin/colcon', 'build']
[0.091s] DEBUG:colcon:Parsed command line arguments: Namespace(log_base=None, log_level=None, verb_name='build', build_base='build', install_base='install', merge_install=False, symlink_install=False, test_result_base=None, continue_on_error=False, executor='parallel', parallel_workers=16, event_handlers=None, ignore_user_meta=False, metas=['./colcon.meta'], base_paths=['.'], packages_ignore=None, packages_ignore_regex=None, paths=None, packages_up_to=None, packages_up_to_regex=None, packages_above=None, packages_above_and_dependencies=None, packages_above_depth=None, packages_select_by_dep=None, packages_skip_by_dep=None, packages_skip_up_to=None, packages_select_build_failed=False, packages_skip_build_finished=False, packages_select_test_failures=False, packages_skip_test_passed=False, packages_select=None, packages_skip=None, packages_select_regex=None, packages_skip_regex=None, packages_start=None, packages_end=None, allow_overriding=[], cmake_args=None, cmake_target=None, cmake_target_skip_unavailable=False, cmake_clean_cache=False, cmake_clean_first=False, cmake_force_configure=False, ament_cmake_args=None, catkin_cmake_args=None, catkin_skip_building_tests=False, verb_parser=<colcon_defaults.argument_parser.defaults.DefaultArgumentsDecorator object at 0x7f82ec065fc0>, verb_extension=<colcon_core.verb.build.BuildVerb object at 0x7f82ec065a80>, main=<bound method BuildVerb.main of <colcon_core.verb.build.BuildVerb object at 0x7f82ec065a80>>)
[0.321s] Level 1:colcon.colcon_core.package_discovery:discover_packages(colcon_meta) check parameters
[0.321s] Level 1:colcon.colcon_core.package_discovery:discover_packages(recursive) check parameters
[0.321s] Level 1:colcon.colcon_core.package_discovery:discover_packages(ignore) check parameters
[0.321s] Level 1:colcon.colcon_core.package_discovery:discover_packages(path) check parameters
[0.321s] Level 1:colcon.colcon_core.package_discovery:discover_packages(colcon_meta) discover
[0.322s] Level 1:colcon.colcon_core.package_discovery:discover_packages(recursive) discover
[0.322s] INFO:colcon.colcon_core.package_discovery:Crawling recursively for packages in '/home/fadel/mobile_robot/src/robot_mobile_simulations/robot_mobile_gazebo'
[0.322s] Level 1:colcon.colcon_core.package_identification:_identify(.) by extensions ['ignore', 'ignore_ament_install']
[0.322s] Level 1:colcon.colcon_core.package_identification:_identify(.) by extension 'ignore'
[0.322s] Level 1:colcon.colcon_core.package_identification:_identify(.) by extension 'ignore_ament_install'
[0.322s] Level 1:colcon.colcon_core.package_identification:_identify(.) by extensions ['colcon_pkg']
[0.322s] Level 1:colcon.colcon_core.package_identification:_identify(.) by extension 'colcon_pkg'
[0.322s] Level 1:colcon.colcon_core.package_identification:_identify(.) by extensions ['colcon_meta']
[0.322s] Level 1:colcon.colcon_core.package_identification:_identify(.) by extension 'colcon_meta'
[0.322s] Level 1:colcon.colcon_core.package_identification:_identify(.) by extensions ['ros']
[0.322s] Level 1:colcon.colcon_core.package_identification:_identify(.) by extension 'ros'
[0.335s] DEBUG:colcon.colcon_core.package_identification:Package '.' with type 'ros.ament_cmake' and name 'robot_mobile_gazebo'
[0.335s] Level 1:colcon.colcon_core.package_discovery:discover_packages(recursive) using defaults
[0.335s] Level 1:colcon.colcon_core.package_discovery:discover_packages(ignore) discover
[0.335s] Level 1:colcon.colcon_core.package_discovery:discover_packages(ignore) using defaults
[0.335s] Level 1:colcon.colcon_core.package_discovery:discover_packages(path) discover
[0.335s] Level 1:colcon.colcon_core.package_discovery:discover_packages(path) using defaults
[0.352s] Level 1:colcon.colcon_core.package_discovery:discover_packages(prefix_path) check parameters
[0.352s] Level 1:colcon.colcon_core.package_discovery:discover_packages(prefix_path) discover
[0.355s] DEBUG:colcon.colcon_installed_package_information.package_discovery:Found 425 installed packages in /opt/ros/humble
[0.357s] Level 1:colcon.colcon_core.package_discovery:discover_packages(prefix_path) using defaults
[0.405s] Level 5:colcon.colcon_core.verb:set package 'robot_mobile_gazebo' build argument 'cmake_args' from command line to 'None'
[0.405s] Level 5:colcon.colcon_core.verb:set package 'robot_mobile_gazebo' build argument 'cmake_target' from command line to 'None'
[0.405s] Level 5:colcon.colcon_core.verb:set package 'robot_mobile_gazebo' build argument 'cmake_target_skip_unavailable' from command line to 'False'
[0.405s] Level 5:colcon.colcon_core.verb:set package 'robot_mobile_gazebo' build argument 'cmake_clean_cache' from command line to 'False'
[0.405s] Level 5:colcon.colcon_core.verb:set package 'robot_mobile_gazebo' build argument 'cmake_clean_first' from command line to 'False'
[0.405s] Level 5:colcon.colcon_core.verb:set package 'robot_mobile_gazebo' build argument 'cmake_force_configure' from command line to 'False'
[0.405s] Level 5:colcon.colcon_core.verb:set package 'robot_mobile_gazebo' build argument 'ament_cmake_args' from command line to 'None'
[0.405s] Level 5:colcon.colcon_core.verb:set package 'robot_mobile_gazebo' build argument 'catkin_cmake_args' from command line to 'None'
[0.405s] Level 5:colcon.colcon_core.verb:set package 'robot_mobile_gazebo' build argument 'catkin_skip_building_tests' from command line to 'False'
[0.405s] DEBUG:colcon.colcon_core.verb:Building package 'robot_mobile_gazebo' with the following arguments: {'ament_cmake_args': None, 'build_base': '/home/fadel/mobile_robot/src/robot_mobile_simulations/robot_mobile_gazebo/build/robot_mobile_gazebo', 'catkin_cmake_args': None, 'catkin_skip_building_tests': False, 'cmake_args': None, 'cmake_clean_cache': False, 'cmake_clean_first': False, 'cmake_force_configure': False, 'cmake_target': None, 'cmake_target_skip_unavailable': False, 'install_base': '/home/fadel/mobile_robot/src/robot_mobile_simulations/robot_mobile_gazebo/install/robot_mobile_gazebo', 'merge_install': False, 'path': '/home/fadel/mobile_robot/src/robot_mobile_simulations/robot_mobile_gazebo', 'symlink_install': False, 'test_result_base': None}
[0.405s] INFO:colcon.colcon_core.executor:Executing jobs using 'parallel' executor
[0.406s] DEBUG:colcon.colcon_parallel_executor.executor.parallel:run_until_complete
[0.406s] INFO:colcon.colcon_ros.task.ament_cmake.build:Building ROS package in '/home/fadel/mobile_robot/src/robot_mobile_simulations/robot_mobile_gazebo' with build type 'ament_cmake'
[0.407s] INFO:colcon.colcon_cmake.task.cmake.build:Building CMake package in '/home/fadel/mobile_robot/src/robot_mobile_simulations/robot_mobile_gazebo'
[0.408s] INFO:colcon.colcon_core.plugin_system:Skipping extension 'colcon_core.shell.bat': Not used on non-Windows systems
[0.408s] INFO:colcon.colcon_core.shell:Skip shell extension 'powershell' for command environment: Not usable outside of PowerShell
[0.408s] DEBUG:colcon.colcon_core.shell:Skip shell extension 'dsv' for command environment
[0.415s] DEBUG:colcon.colcon_core.event_handler.log_command:Invoking command in '/home/fadel/mobile_robot/src/robot_mobile_simulations/robot_mobile_gazebo/build/robot_mobile_gazebo': CMAKE_PREFIX_PATH=/opt/ros/humble /usr/bin/cmake /home/fadel/mobile_robot/src/robot_mobile_simulations/robot_mobile_gazebo -DCMAKE_INSTALL_PREFIX=/home/fadel/mobile_robot/src/robot_mobile_simulations/robot_mobile_gazebo/install/robot_mobile_gazebo
[1.882s] DEBUG:colcon.colcon_core.event_handler.log_command:Invoked command in '/home/fadel/mobile_robot/src/robot_mobile_simulations/robot_mobile_gazebo/build/robot_mobile_gazebo' returned '0': CMAKE_PREFIX_PATH=/opt/ros/humble /usr/bin/cmake /home/fadel/mobile_robot/src/robot_mobile_simulations/robot_mobile_gazebo -DCMAKE_INSTALL_PREFIX=/home/fadel/mobile_robot/src/robot_mobile_simulations/robot_mobile_gazebo/install/robot_mobile_gazebo
[1.882s] DEBUG:colcon.colcon_core.event_handler.log_command:Invoking command in '/home/fadel/mobile_robot/src/robot_mobile_simulations/robot_mobile_gazebo/build/robot_mobile_gazebo': CMAKE_PREFIX_PATH=/opt/ros/humble /usr/bin/cmake --build /home/fadel/mobile_robot/src/robot_mobile_simulations/robot_mobile_gazebo/build/robot_mobile_gazebo -- -j16 -l16
[11.023s] DEBUG:colcon.colcon_core.event_handler.log_command:Invoked command in '/home/fadel/mobile_robot/src/robot_mobile_simulations/robot_mobile_gazebo/build/robot_mobile_gazebo' returned '0': CMAKE_PREFIX_PATH=/opt/ros/humble /usr/bin/cmake --build /home/fadel/mobile_robot/src/robot_mobile_simulations/robot_mobile_gazebo/build/robot_mobile_gazebo -- -j16 -l16
[11.030s] DEBUG:colcon.colcon_core.event_handler.log_command:Invoking command in '/home/fadel/mobile_robot/src/robot_mobile_simulations/robot_mobile_gazebo/build/robot_mobile_gazebo': CMAKE_PREFIX_PATH=/opt/ros/humble /usr/bin/cmake --install /home/fadel/mobile_robot/src/robot_mobile_simulations/robot_mobile_gazebo/build/robot_mobile_gazebo
[11.048s] Level 1:colcon.colcon_core.environment:create_environment_scripts_only(robot_mobile_gazebo)
[11.049s] DEBUG:colcon.colcon_core.event_handler.log_command:Invoked command in '/home/fadel/mobile_robot/src/robot_mobile_simulations/robot_mobile_gazebo/build/robot_mobile_gazebo' returned '0': CMAKE_PREFIX_PATH=/opt/ros/humble /usr/bin/cmake --install /home/fadel/mobile_robot/src/robot_mobile_simulations/robot_mobile_gazebo/build/robot_mobile_gazebo
[11.050s] Level 1:colcon.colcon_core.environment:checking '/home/fadel/mobile_robot/src/robot_mobile_simulations/robot_mobile_gazebo/install/robot_mobile_gazebo' for CMake module files
[11.051s] Level 1:colcon.colcon_core.environment:checking '/home/fadel/mobile_robot/src/robot_mobile_simulations/robot_mobile_gazebo/install/robot_mobile_gazebo' for CMake config files
[11.051s] Level 1:colcon.colcon_core.shell:create_environment_hook('robot_mobile_gazebo', 'cmake_prefix_path')
[11.051s] INFO:colcon.colcon_core.shell:Creating environment hook '/home/fadel/mobile_robot/src/robot_mobile_simulations/robot_mobile_gazebo/install/robot_mobile_gazebo/share/robot_mobile_gazebo/hook/cmake_prefix_path.ps1'
[11.052s] INFO:colcon.colcon_core.shell:Creating environment descriptor '/home/fadel/mobile_robot/src/robot_mobile_simulations/robot_mobile_gazebo/install/robot_mobile_gazebo/share/robot_mobile_gazebo/hook/cmake_prefix_path.dsv'
[11.052s] INFO:colcon.colcon_core.shell:Creating environment hook '/home/fadel/mobile_robot/src/robot_mobile_simulations/robot_mobile_gazebo/install/robot_mobile_gazebo/share/robot_mobile_gazebo/hook/cmake_prefix_path.sh'
[11.053s] Level 1:colcon.colcon_core.environment:checking '/home/fadel/mobile_robot/src/robot_mobile_simulations/robot_mobile_gazebo/install/robot_mobile_gazebo/lib'
[11.053s] Level 1:colcon.colcon_core.environment:checking '/home/fadel/mobile_robot/src/robot_mobile_simulations/robot_mobile_gazebo/install/robot_mobile_gazebo/bin'
[11.053s] Level 1:colcon.colcon_core.environment:checking '/home/fadel/mobile_robot/src/robot_mobile_simulations/robot_mobile_gazebo/install/robot_mobile_gazebo/lib/pkgconfig/robot_mobile_gazebo.pc'
[11.053s] Level 1:colcon.colcon_core.environment:checking '/home/fadel/mobile_robot/src/robot_mobile_simulations/robot_mobile_gazebo/install/robot_mobile_gazebo/lib/python3.10/site-packages'
[11.053s] Level 1:colcon.colcon_core.environment:checking '/home/fadel/mobile_robot/src/robot_mobile_simulations/robot_mobile_gazebo/install/robot_mobile_gazebo/bin'
[11.053s] INFO:colcon.colcon_core.shell:Creating package script '/home/fadel/mobile_robot/src/robot_mobile_simulations/robot_mobile_gazebo/install/robot_mobile_gazebo/share/robot_mobile_gazebo/package.ps1'
[11.054s] INFO:colcon.colcon_core.shell:Creating package descriptor '/home/fadel/mobile_robot/src/robot_mobile_simulations/robot_mobile_gazebo/install/robot_mobile_gazebo/share/robot_mobile_gazebo/package.dsv'
[11.055s] INFO:colcon.colcon_core.shell:Creating package script '/home/fadel/mobile_robot/src/robot_mobile_simulations/robot_mobile_gazebo/install/robot_mobile_gazebo/share/robot_mobile_gazebo/package.sh'
[11.055s] INFO:colcon.colcon_core.shell:Creating package script '/home/fadel/mobile_robot/src/robot_mobile_simulations/robot_mobile_gazebo/install/robot_mobile_gazebo/share/robot_mobile_gazebo/package.bash'
[11.056s] INFO:colcon.colcon_core.shell:Creating package script '/home/fadel/mobile_robot/src/robot_mobile_simulations/robot_mobile_gazebo/install/robot_mobile_gazebo/share/robot_mobile_gazebo/package.zsh'
[11.056s] Level 1:colcon.colcon_core.environment:create_file_with_runtime_dependencies(/home/fadel/mobile_robot/src/robot_mobile_simulations/robot_mobile_gazebo/install/robot_mobile_gazebo/share/colcon-core/packages/robot_mobile_gazebo)
[11.056s] Level 1:colcon.colcon_core.environment:create_environment_scripts_only(robot_mobile_gazebo)
[11.057s] Level 1:colcon.colcon_core.environment:checking '/home/fadel/mobile_robot/src/robot_mobile_simulations/robot_mobile_gazebo/install/robot_mobile_gazebo' for CMake module files
[11.057s] Level 1:colcon.colcon_core.environment:checking '/home/fadel/mobile_robot/src/robot_mobile_simulations/robot_mobile_gazebo/install/robot_mobile_gazebo' for CMake config files
[11.057s] Level 1:colcon.colcon_core.shell:create_environment_hook('robot_mobile_gazebo', 'cmake_prefix_path')
[11.057s] INFO:colcon.colcon_core.shell:Creating environment hook '/home/fadel/mobile_robot/src/robot_mobile_simulations/robot_mobile_gazebo/install/robot_mobile_gazebo/share/robot_mobile_gazebo/hook/cmake_prefix_path.ps1'
[11.058s] INFO:colcon.colcon_core.shell:Creating environment descriptor '/home/fadel/mobile_robot/src/robot_mobile_simulations/robot_mobile_gazebo/install/robot_mobile_gazebo/share/robot_mobile_gazebo/hook/cmake_prefix_path.dsv'
[11.058s] INFO:colcon.colcon_core.shell:Creating environment hook '/home/fadel/mobile_robot/src/robot_mobile_simulations/robot_mobile_gazebo/install/robot_mobile_gazebo/share/robot_mobile_gazebo/hook/cmake_prefix_path.sh'
[11.058s] Level 1:colcon.colcon_core.environment:checking '/home/fadel/mobile_robot/src/robot_mobile_simulations/robot_mobile_gazebo/install/robot_mobile_gazebo/lib'
[11.059s] Level 1:colcon.colcon_core.environment:checking '/home/fadel/mobile_robot/src/robot_mobile_simulations/robot_mobile_gazebo/install/robot_mobile_gazebo/bin'
[11.059s] Level 1:colcon.colcon_core.environment:checking '/home/fadel/mobile_robot/src/robot_mobile_simulations/robot_mobile_gazebo/install/robot_mobile_gazebo/lib/pkgconfig/robot_mobile_gazebo.pc'
[11.059s] Level 1:colcon.colcon_core.environment:checking '/home/fadel/mobile_robot/src/robot_mobile_simulations/robot_mobile_gazebo/install/robot_mobile_gazebo/lib/python3.10/site-packages'
[11.059s] Level 1:colcon.colcon_core.environment:checking '/home/fadel/mobile_robot/src/robot_mobile_simulations/robot_mobile_gazebo/install/robot_mobile_gazebo/bin'
[11.059s] INFO:colcon.colcon_core.shell:Creating package script '/home/fadel/mobile_robot/src/robot_mobile_simulations/robot_mobile_gazebo/install/robot_mobile_gazebo/share/robot_mobile_gazebo/package.ps1'
[11.060s] INFO:colcon.colcon_core.shell:Creating package descriptor '/home/fadel/mobile_robot/src/robot_mobile_simulations/robot_mobile_gazebo/install/robot_mobile_gazebo/share/robot_mobile_gazebo/package.dsv'
[11.060s] INFO:colcon.colcon_core.shell:Creating package script '/home/fadel/mobile_robot/src/robot_mobile_simulations/robot_mobile_gazebo/install/robot_mobile_gazebo/share/robot_mobile_gazebo/package.sh'
[11.060s] INFO:colcon.colcon_core.shell:Creating package script '/home/fadel/mobile_robot/src/robot_mobile_simulations/robot_mobile_gazebo/install/robot_mobile_gazebo/share/robot_mobile_gazebo/package.bash'
[11.061s] INFO:colcon.colcon_core.shell:Creating package script '/home/fadel/mobile_robot/src/robot_mobile_simulations/robot_mobile_gazebo/install/robot_mobile_gazebo/share/robot_mobile_gazebo/package.zsh'
[11.061s] Level 1:colcon.colcon_core.environment:create_file_with_runtime_dependencies(/home/fadel/mobile_robot/src/robot_mobile_simulations/robot_mobile_gazebo/install/robot_mobile_gazebo/share/colcon-core/packages/robot_mobile_gazebo)
[11.061s] DEBUG:colcon.colcon_parallel_executor.executor.parallel:closing loop
[11.062s] DEBUG:colcon.colcon_parallel_executor.executor.parallel:loop closed
[11.062s] DEBUG:colcon.colcon_parallel_executor.executor.parallel:run_until_complete finished with '0'
[11.062s] DEBUG:colcon.colcon_core.event_reactor:joining thread
[11.067s] INFO:colcon.colcon_core.plugin_system:Skipping extension 'colcon_notification.desktop_notification.terminal_notifier': Not used on non-Darwin systems
[11.067s] INFO:colcon.colcon_core.plugin_system:Skipping extension 'colcon_notification.desktop_notification.win32': Not used on non-Windows systems
[11.067s] INFO:colcon.colcon_notification.desktop_notification:Sending desktop notification using 'notify2'
[11.083s] DEBUG:colcon.colcon_core.event_reactor:joined thread
[11.084s] INFO:colcon.colcon_core.shell:Creating prefix script '/home/fadel/mobile_robot/src/robot_mobile_simulations/robot_mobile_gazebo/install/local_setup.ps1'
[11.084s] INFO:colcon.colcon_core.shell:Creating prefix util module '/home/fadel/mobile_robot/src/robot_mobile_simulations/robot_mobile_gazebo/install/_local_setup_util_ps1.py'
[11.085s] INFO:colcon.colcon_core.shell:Creating prefix chain script '/home/fadel/mobile_robot/src/robot_mobile_simulations/robot_mobile_gazebo/install/setup.ps1'
[11.086s] INFO:colcon.colcon_core.shell:Creating prefix script '/home/fadel/mobile_robot/src/robot_mobile_simulations/robot_mobile_gazebo/install/local_setup.sh'
[11.086s] INFO:colcon.colcon_core.shell:Creating prefix util module '/home/fadel/mobile_robot/src/robot_mobile_simulations/robot_mobile_gazebo/install/_local_setup_util_sh.py'
[11.087s] INFO:colcon.colcon_core.shell:Creating prefix chain script '/home/fadel/mobile_robot/src/robot_mobile_simulations/robot_mobile_gazebo/install/setup.sh'
[11.087s] INFO:colcon.colcon_core.shell:Creating prefix script '/home/fadel/mobile_robot/src/robot_mobile_simulations/robot_mobile_gazebo/install/local_setup.bash'
[11.088s] INFO:colcon.colcon_core.shell:Creating prefix chain script '/home/fadel/mobile_robot/src/robot_mobile_simulations/robot_mobile_gazebo/install/setup.bash'
[11.088s] INFO:colcon.colcon_core.shell:Creating prefix script '/home/fadel/mobile_robot/src/robot_mobile_simulations/robot_mobile_gazebo/install/local_setup.zsh'
[11.089s] INFO:colcon.colcon_core.shell:Creating prefix chain script '/home/fadel/mobile_robot/src/robot_mobile_simulations/robot_mobile_gazebo/install/setup.zsh'
